c:\workspaces\TypescriptVogon\TypescriptVogon\Scripts\demo\viewmodels\DemoViewModel.js
c:\workspaces\TypescriptVogon\TypescriptVogon\Scripts\demo\viewmodels\DemoViewModel.js.map
c:\workspaces\TypescriptVogon\TypescriptVogon\Scripts\demo\managers\DemoManager.js
c:\workspaces\TypescriptVogon\TypescriptVogon\Scripts\demo\managers\DemoManager.js.map
c:\workspaces\TypescriptVogon\TypescriptVogon\Scripts\demo\viewmodels\DemoViewModel.js
c:\workspaces\TypescriptVogon\TypescriptVogon\Scripts\demo\viewmodels\DemoViewModel.js.map
c:\workspaces\TypescriptVogon\TypescriptVogon\Scripts\demo\accessors\DemoAccessor.js
c:\workspaces\TypescriptVogon\TypescriptVogon\Scripts\demo\accessors\DemoAccessor.js.map
c:\workspaces\TypescriptVogon\TypescriptVogon\Scripts\demo\managers\DemoManager.js
c:\workspaces\TypescriptVogon\TypescriptVogon\Scripts\demo\managers\DemoManager.js.map
c:\workspaces\TypescriptVogon\TypescriptVogon\Scripts\demo\viewmodels\DemoViewModel.js
c:\workspaces\TypescriptVogon\TypescriptVogon\Scripts\demo\viewmodels\DemoViewModel.js.map
c:\workspaces\TypescriptVogon\TypescriptVogon\Scripts\demo\accessors\DemoAccessor.js
c:\workspaces\TypescriptVogon\TypescriptVogon\Scripts\demo\accessors\DemoAccessor.js.map
c:\workspaces\TypescriptVogon\TypescriptVogon\Scripts\demo\contracts\Inspiration.js
c:\workspaces\TypescriptVogon\TypescriptVogon\Scripts\demo\contracts\Inspiration.js.map
c:\workspaces\TypescriptVogon\TypescriptVogon\Scripts\demo\managers\DemoManager.js
c:\workspaces\TypescriptVogon\TypescriptVogon\Scripts\demo\managers\DemoManager.js.map
c:\workspaces\TypescriptVogon\TypescriptVogon\Scripts\demo\viewmodels\DemoViewModel.js
c:\workspaces\TypescriptVogon\TypescriptVogon\Scripts\demo\viewmodels\DemoViewModel.js.map
c:\workspaces\TypescriptVogon\TypescriptVogon\Scripts\demo\accessors\DemoAccessor.js
c:\workspaces\TypescriptVogon\TypescriptVogon\Scripts\demo\accessors\DemoAccessor.js.map
c:\workspaces\TypescriptVogon\TypescriptVogon\Scripts\demo\contracts\Inspiration.js
c:\workspaces\TypescriptVogon\TypescriptVogon\Scripts\demo\contracts\Inspiration.js.map
c:\workspaces\TypescriptVogon\TypescriptVogon\Scripts\demo\managers\DemoManager.js
c:\workspaces\TypescriptVogon\TypescriptVogon\Scripts\demo\managers\DemoManager.js.map
c:\workspaces\TypescriptVogon\TypescriptVogon\Scripts\demo\viewmodels\DemoViewModel.js
c:\workspaces\TypescriptVogon\TypescriptVogon\Scripts\demo\viewmodels\DemoViewModel.js.map
c:\workspaces\TypescriptVogon\TypescriptVogon\Scripts\demo\viewmodels\DemoViewModel.js
c:\workspaces\TypescriptVogon\TypescriptVogon\Scripts\demo\viewmodels\DemoViewModel.js.map
c:\workspaces\TypescriptVogon\TypescriptVogon\Scripts\demo\managers\DemoManager.js
c:\workspaces\TypescriptVogon\TypescriptVogon\Scripts\demo\managers\DemoManager.js.map
c:\workspaces\TypescriptVogon\TypescriptVogon\Scripts\demo\contracts\Inspiration.js
c:\workspaces\TypescriptVogon\TypescriptVogon\Scripts\demo\contracts\Inspiration.js.map
c:\workspaces\TypescriptVogon\TypescriptVogon\Scripts\demo\accessors\DemoAccessor.js
c:\workspaces\TypescriptVogon\TypescriptVogon\Scripts\demo\accessors\DemoAccessor.js.map
c:\workspaces\TypescriptVogon\TypescriptVogon\Scripts\demo\viewmodels\DemoViewModel.js
c:\workspaces\TypescriptVogon\TypescriptVogon\Scripts\demo\viewmodels\DemoViewModel.js.map
c:\workspaces\TypescriptVogon\TypescriptVogon\Scripts\demo\managers\DemoManager.js
c:\workspaces\TypescriptVogon\TypescriptVogon\Scripts\demo\managers\DemoManager.js.map
c:\workspaces\TypescriptVogon\TypescriptVogon\Scripts\demo\contracts\Inspiration.js
c:\workspaces\TypescriptVogon\TypescriptVogon\Scripts\demo\contracts\Inspiration.js.map
c:\workspaces\TypescriptVogon\TypescriptVogon\Scripts\demo\accessors\DemoAccessor.js
c:\workspaces\TypescriptVogon\TypescriptVogon\Scripts\demo\accessors\DemoAccessor.js.map
c:\workspaces\TypescriptVogon\TypescriptVogon\Scripts\demo\viewmodels\DemoViewModel.js
c:\workspaces\TypescriptVogon\TypescriptVogon\Scripts\demo\viewmodels\DemoViewModel.js.map
c:\workspaces\TypescriptVogon\TypescriptVogon\Scripts\demo\managers\DemoManager.js
c:\workspaces\TypescriptVogon\TypescriptVogon\Scripts\demo\managers\DemoManager.js.map
c:\workspaces\TypescriptVogon\TypescriptVogon\Scripts\demo\contracts\Inspiration.js
c:\workspaces\TypescriptVogon\TypescriptVogon\Scripts\demo\contracts\Inspiration.js.map
c:\workspaces\TypescriptVogon\TypescriptVogon\Scripts\demo\accessors\DemoAccessor.js
c:\workspaces\TypescriptVogon\TypescriptVogon\Scripts\demo\accessors\DemoAccessor.js.map
c:\workspaces\TypescriptVogon\TypescriptVogon\Scripts\demo\viewmodels\DemoViewModel.js
c:\workspaces\TypescriptVogon\TypescriptVogon\Scripts\demo\viewmodels\DemoViewModel.js.map
c:\workspaces\TypescriptVogon\TypescriptVogon\Scripts\demo\managers\DemoManager.js
c:\workspaces\TypescriptVogon\TypescriptVogon\Scripts\demo\managers\DemoManager.js.map
c:\workspaces\TypescriptVogon\TypescriptVogon\Scripts\demo\contracts\Inspiration.js
c:\workspaces\TypescriptVogon\TypescriptVogon\Scripts\demo\contracts\Inspiration.js.map
c:\workspaces\TypescriptVogon\TypescriptVogon\Scripts\demo\accessors\DemoAccessor.js
c:\workspaces\TypescriptVogon\TypescriptVogon\Scripts\demo\accessors\DemoAccessor.js.map
c:\workspaces\TypescriptVogon\TypescriptVogon\Scripts\demo\viewmodels\DemoViewModel.js
c:\workspaces\TypescriptVogon\TypescriptVogon\Scripts\demo\viewmodels\DemoViewModel.js.map
c:\workspaces\TypescriptVogon\TypescriptVogon\Scripts\demo\managers\DemoManager.js
c:\workspaces\TypescriptVogon\TypescriptVogon\Scripts\demo\managers\DemoManager.js.map
c:\workspaces\TypescriptVogon\TypescriptVogon\Scripts\demo\contracts\Inspiration.js
c:\workspaces\TypescriptVogon\TypescriptVogon\Scripts\demo\contracts\Inspiration.js.map
c:\workspaces\TypescriptVogon\TypescriptVogon\Scripts\demo\accessors\DemoAccessor.js
c:\workspaces\TypescriptVogon\TypescriptVogon\Scripts\demo\accessors\DemoAccessor.js.map
c:\workspaces\TypescriptVogon\TypescriptVogon\Scripts\demo\viewmodels\DemoViewModel.js
c:\workspaces\TypescriptVogon\TypescriptVogon\Scripts\demo\viewmodels\DemoViewModel.js.map
c:\workspaces\TypescriptVogon\TypescriptVogon\Scripts\demo\managers\DemoManager.js
c:\workspaces\TypescriptVogon\TypescriptVogon\Scripts\demo\managers\DemoManager.js.map
c:\workspaces\TypescriptVogon\TypescriptVogon\Scripts\demo\contracts\Inspiration.js
c:\workspaces\TypescriptVogon\TypescriptVogon\Scripts\demo\contracts\Inspiration.js.map
c:\workspaces\TypescriptVogon\TypescriptVogon\Scripts\demo\accessors\DemoAccessor.js
c:\workspaces\TypescriptVogon\TypescriptVogon\Scripts\demo\accessors\DemoAccessor.js.map
c:\workspaces\TypescriptVogon\TypescriptVogon\Scripts\demo\viewmodels\DemoViewModel.js
c:\workspaces\TypescriptVogon\TypescriptVogon\Scripts\demo\viewmodels\DemoViewModel.js.map
c:\workspaces\TypescriptVogon\TypescriptVogon\Scripts\demo\managers\DemoManager.js
c:\workspaces\TypescriptVogon\TypescriptVogon\Scripts\demo\managers\DemoManager.js.map
c:\workspaces\TypescriptVogon\TypescriptVogon\Scripts\demo\contracts\Inspiration.js
c:\workspaces\TypescriptVogon\TypescriptVogon\Scripts\demo\contracts\Inspiration.js.map
c:\workspaces\TypescriptVogon\TypescriptVogon\Scripts\demo\accessors\DemoAccessor.js
c:\workspaces\TypescriptVogon\TypescriptVogon\Scripts\demo\accessors\DemoAccessor.js.map
c:\workspaces\TypescriptVogon\TypescriptVogon\Scripts\demo\viewmodels\DemoViewModel.js
c:\workspaces\TypescriptVogon\TypescriptVogon\Scripts\demo\viewmodels\DemoViewModel.js.map
c:\workspaces\TypescriptVogon\TypescriptVogon\Scripts\demo\managers\DemoManager.js
c:\workspaces\TypescriptVogon\TypescriptVogon\Scripts\demo\managers\DemoManager.js.map
c:\workspaces\TypescriptVogon\TypescriptVogon\Scripts\demo\contracts\Inspiration.js
c:\workspaces\TypescriptVogon\TypescriptVogon\Scripts\demo\contracts\Inspiration.js.map
c:\workspaces\TypescriptVogon\TypescriptVogon\Scripts\demo\accessors\DemoAccessor.js
c:\workspaces\TypescriptVogon\TypescriptVogon\Scripts\demo\accessors\DemoAccessor.js.map
c:\workspaces\TypescriptVogon\TypescriptVogon\Scripts\demo\viewmodels\DemoViewModel.js
c:\workspaces\TypescriptVogon\TypescriptVogon\Scripts\demo\viewmodels\DemoViewModel.js.map
c:\workspaces\TypescriptVogon\TypescriptVogon\Scripts\demo\managers\DemoManager.js
c:\workspaces\TypescriptVogon\TypescriptVogon\Scripts\demo\managers\DemoManager.js.map
c:\workspaces\TypescriptVogon\TypescriptVogon\Scripts\demo\contracts\Inspiration.js
c:\workspaces\TypescriptVogon\TypescriptVogon\Scripts\demo\contracts\Inspiration.js.map
c:\workspaces\TypescriptVogon\TypescriptVogon\Scripts\demo\accessors\DemoAccessor.js
c:\workspaces\TypescriptVogon\TypescriptVogon\Scripts\demo\accessors\DemoAccessor.js.map
c:\workspaces\TypescriptVogon\TypescriptVogon\Scripts\demo\viewmodels\DemoViewModel.js
c:\workspaces\TypescriptVogon\TypescriptVogon\Scripts\demo\viewmodels\DemoViewModel.js.map
c:\workspaces\TypescriptVogon\TypescriptVogon\Scripts\demo\managers\DemoManager.js
c:\workspaces\TypescriptVogon\TypescriptVogon\Scripts\demo\managers\DemoManager.js.map
c:\workspaces\TypescriptVogon\TypescriptVogon\Scripts\demo\contracts\Inspiration.js
c:\workspaces\TypescriptVogon\TypescriptVogon\Scripts\demo\contracts\Inspiration.js.map
c:\workspaces\TypescriptVogon\TypescriptVogon\Scripts\demo\accessors\DemoAccessor.js
c:\workspaces\TypescriptVogon\TypescriptVogon\Scripts\demo\accessors\DemoAccessor.js.map
c:\workspaces\TypescriptVogon\TypescriptVogon\Scripts\demo\viewmodels\DemoViewModel.js
c:\workspaces\TypescriptVogon\TypescriptVogon\Scripts\demo\viewmodels\DemoViewModel.js.map
c:\workspaces\TypescriptVogon\TypescriptVogon\Scripts\demo\managers\DemoManager.js
c:\workspaces\TypescriptVogon\TypescriptVogon\Scripts\demo\managers\DemoManager.js.map
c:\workspaces\TypescriptVogon\TypescriptVogon\Scripts\demo\contracts\Inspiration.js
c:\workspaces\TypescriptVogon\TypescriptVogon\Scripts\demo\contracts\Inspiration.js.map
c:\workspaces\TypescriptVogon\TypescriptVogon\Scripts\demo\accessors\DemoAccessor.js
c:\workspaces\TypescriptVogon\TypescriptVogon\Scripts\demo\accessors\DemoAccessor.js.map
c:\workspaces\TypescriptVogon\TypescriptVogon\Scripts\demo\viewmodels\DemoViewModel.js
c:\workspaces\TypescriptVogon\TypescriptVogon\Scripts\demo\viewmodels\DemoViewModel.js.map
c:\workspaces\TypescriptVogon\TypescriptVogon\Scripts\demo\managers\DemoManager.js
c:\workspaces\TypescriptVogon\TypescriptVogon\Scripts\demo\managers\DemoManager.js.map
c:\workspaces\TypescriptVogon\TypescriptVogon\Scripts\demo\contracts\Inspiration.js
c:\workspaces\TypescriptVogon\TypescriptVogon\Scripts\demo\contracts\Inspiration.js.map
c:\workspaces\TypescriptVogon\TypescriptVogon\Scripts\demo\accessors\DemoAccessor.js
c:\workspaces\TypescriptVogon\TypescriptVogon\Scripts\demo\accessors\DemoAccessor.js.map
c:\workspaces\TypescriptVogon\TypescriptVogon\Scripts\demo\viewmodels\DemoViewModel.js
c:\workspaces\TypescriptVogon\TypescriptVogon\Scripts\demo\viewmodels\DemoViewModel.js.map
c:\workspaces\TypescriptVogon\TypescriptVogon\Scripts\demo\managers\DemoManager.js
c:\workspaces\TypescriptVogon\TypescriptVogon\Scripts\demo\managers\DemoManager.js.map
c:\workspaces\TypescriptVogon\TypescriptVogon\Scripts\demo\contracts\Inspiration.js
c:\workspaces\TypescriptVogon\TypescriptVogon\Scripts\demo\contracts\Inspiration.js.map
c:\workspaces\TypescriptVogon\TypescriptVogon\Scripts\demo\accessors\DemoAccessor.js
c:\workspaces\TypescriptVogon\TypescriptVogon\Scripts\demo\accessors\DemoAccessor.js.map
c:\workspaces\TypescriptVogon\TypescriptVogon\Scripts\demo\viewmodels\DemoViewModel.js
c:\workspaces\TypescriptVogon\TypescriptVogon\Scripts\demo\viewmodels\DemoViewModel.js.map
c:\workspaces\TypescriptVogon\TypescriptVogon\Scripts\demo\managers\DemoManager.js
c:\workspaces\TypescriptVogon\TypescriptVogon\Scripts\demo\managers\DemoManager.js.map
c:\workspaces\TypescriptVogon\TypescriptVogon\Scripts\demo\contracts\Inspiration.js
c:\workspaces\TypescriptVogon\TypescriptVogon\Scripts\demo\contracts\Inspiration.js.map
c:\workspaces\TypescriptVogon\TypescriptVogon\Scripts\demo\accessors\DemoAccessor.js
c:\workspaces\TypescriptVogon\TypescriptVogon\Scripts\demo\accessors\DemoAccessor.js.map
c:\workspaces\TypescriptVogon\TypescriptVogon\Scripts\demo\viewmodels\DemoViewModel.js
c:\workspaces\TypescriptVogon\TypescriptVogon\Scripts\demo\viewmodels\DemoViewModel.js.map
c:\workspaces\TypescriptVogon\TypescriptVogon\Scripts\demo\managers\DemoManager.js
c:\workspaces\TypescriptVogon\TypescriptVogon\Scripts\demo\managers\DemoManager.js.map
c:\workspaces\TypescriptVogon\TypescriptVogon\Scripts\demo\contracts\Inspiration.js
c:\workspaces\TypescriptVogon\TypescriptVogon\Scripts\demo\contracts\Inspiration.js.map
c:\workspaces\TypescriptVogon\TypescriptVogon\Scripts\demo\accessors\DemoAccessor.js
c:\workspaces\TypescriptVogon\TypescriptVogon\Scripts\demo\accessors\DemoAccessor.js.map
c:\workspaces\TypescriptVogon\TypescriptVogon\Scripts\demo\viewmodels\DemoViewModel.js
c:\workspaces\TypescriptVogon\TypescriptVogon\Scripts\demo\viewmodels\DemoViewModel.js.map
c:\workspaces\TypescriptVogon\TypescriptVogon\Scripts\demo\managers\DemoManager.js
c:\workspaces\TypescriptVogon\TypescriptVogon\Scripts\demo\managers\DemoManager.js.map
c:\workspaces\TypescriptVogon\TypescriptVogon\Scripts\demo\contracts\Inspiration.js
c:\workspaces\TypescriptVogon\TypescriptVogon\Scripts\demo\contracts\Inspiration.js.map
c:\workspaces\TypescriptVogon\TypescriptVogon\Scripts\demo\accessors\DemoAccessor.js
c:\workspaces\TypescriptVogon\TypescriptVogon\Scripts\demo\accessors\DemoAccessor.js.map
c:\workspaces\TypescriptVogon\TypescriptVogon\Scripts\demo\viewmodels\DemoViewModel.js
c:\workspaces\TypescriptVogon\TypescriptVogon\Scripts\demo\viewmodels\DemoViewModel.js.map
c:\workspaces\TypescriptVogon\TypescriptVogon\Scripts\demo\managers\DemoManager.js
c:\workspaces\TypescriptVogon\TypescriptVogon\Scripts\demo\managers\DemoManager.js.map
c:\workspaces\TypescriptVogon\TypescriptVogon\Scripts\demo\contracts\Inspiration.js
c:\workspaces\TypescriptVogon\TypescriptVogon\Scripts\demo\contracts\Inspiration.js.map
c:\workspaces\TypescriptVogon\TypescriptVogon\Scripts\demo\accessors\DemoAccessor.js
c:\workspaces\TypescriptVogon\TypescriptVogon\Scripts\demo\accessors\DemoAccessor.js.map
c:\workspaces\TypescriptVogon\TypescriptVogon\Scripts\demo\viewmodels\DemoViewModel.js
c:\workspaces\TypescriptVogon\TypescriptVogon\Scripts\demo\viewmodels\DemoViewModel.js.map
c:\workspaces\TypescriptVogon\TypescriptVogon\Scripts\demo\managers\DemoManager.js
c:\workspaces\TypescriptVogon\TypescriptVogon\Scripts\demo\managers\DemoManager.js.map
c:\workspaces\TypescriptVogon\TypescriptVogon\Scripts\demo\contracts\Inspiration.js
c:\workspaces\TypescriptVogon\TypescriptVogon\Scripts\demo\contracts\Inspiration.js.map
c:\workspaces\TypescriptVogon\TypescriptVogon\Scripts\demo\accessors\DemoAccessor.js
c:\workspaces\TypescriptVogon\TypescriptVogon\Scripts\demo\accessors\DemoAccessor.js.map
c:\workspaces\TypescriptVogon\TypescriptVogon\Scripts\demo\viewmodels\DemoViewModel.js
c:\workspaces\TypescriptVogon\TypescriptVogon\Scripts\demo\viewmodels\DemoViewModel.js.map
c:\workspaces\TypescriptVogon\TypescriptVogon\Scripts\demo\managers\DemoManager.js
c:\workspaces\TypescriptVogon\TypescriptVogon\Scripts\demo\managers\DemoManager.js.map
c:\workspaces\TypescriptVogon\TypescriptVogon\Scripts\demo\contracts\Inspiration.js
c:\workspaces\TypescriptVogon\TypescriptVogon\Scripts\demo\contracts\Inspiration.js.map
c:\workspaces\TypescriptVogon\TypescriptVogon\Scripts\demo\accessors\DemoAccessor.js
c:\workspaces\TypescriptVogon\TypescriptVogon\Scripts\demo\accessors\DemoAccessor.js.map
c:\workspaces\TypescriptVogon\TypescriptVogon\Scripts\demo\viewmodels\DemoViewModel.js
c:\workspaces\TypescriptVogon\TypescriptVogon\Scripts\demo\viewmodels\DemoViewModel.js.map
c:\workspaces\TypescriptVogon\TypescriptVogon\Scripts\demo\managers\DemoManager.js
c:\workspaces\TypescriptVogon\TypescriptVogon\Scripts\demo\managers\DemoManager.js.map
c:\workspaces\TypescriptVogon\TypescriptVogon\Scripts\demo\contracts\Inspiration.js
c:\workspaces\TypescriptVogon\TypescriptVogon\Scripts\demo\contracts\Inspiration.js.map
c:\workspaces\TypescriptVogon\TypescriptVogon\Scripts\demo\accessors\DemoAccessor.js
c:\workspaces\TypescriptVogon\TypescriptVogon\Scripts\demo\accessors\DemoAccessor.js.map
c:\workspaces\TypescriptVogon\TypescriptVogon\Scripts\demo\viewmodels\DemoViewModel.js
c:\workspaces\TypescriptVogon\TypescriptVogon\Scripts\demo\viewmodels\DemoViewModel.js.map
c:\workspaces\TypescriptVogon\TypescriptVogon\Scripts\demo\managers\DemoManager.js
c:\workspaces\TypescriptVogon\TypescriptVogon\Scripts\demo\managers\DemoManager.js.map
c:\workspaces\TypescriptVogon\TypescriptVogon\Scripts\demo\contracts\Inspiration.js
c:\workspaces\TypescriptVogon\TypescriptVogon\Scripts\demo\contracts\Inspiration.js.map
c:\workspaces\TypescriptVogon\TypescriptVogon\Scripts\demo\accessors\DemoAccessor.js
c:\workspaces\TypescriptVogon\TypescriptVogon\Scripts\demo\accessors\DemoAccessor.js.map
c:\workspaces\TypescriptVogon\TypescriptVogon\Scripts\demo\viewmodels\DemoViewModel.js
c:\workspaces\TypescriptVogon\TypescriptVogon\Scripts\demo\viewmodels\DemoViewModel.js.map
c:\workspaces\TypescriptVogon\TypescriptVogon\Scripts\demo\managers\DemoManager.js
c:\workspaces\TypescriptVogon\TypescriptVogon\Scripts\demo\managers\DemoManager.js.map
c:\workspaces\TypescriptVogon\TypescriptVogon\Scripts\demo\contracts\Inspiration.js
c:\workspaces\TypescriptVogon\TypescriptVogon\Scripts\demo\contracts\Inspiration.js.map
c:\workspaces\TypescriptVogon\TypescriptVogon\Scripts\demo\accessors\DemoAccessor.js
c:\workspaces\TypescriptVogon\TypescriptVogon\Scripts\demo\accessors\DemoAccessor.js.map
c:\workspaces\TypescriptVogon\TypescriptVogon\Scripts\demo\viewmodels\DemoViewModel.js
c:\workspaces\TypescriptVogon\TypescriptVogon\Scripts\demo\viewmodels\DemoViewModel.js.map
c:\workspaces\TypescriptVogon\TypescriptVogon\Scripts\demo\managers\DemoManager.js
c:\workspaces\TypescriptVogon\TypescriptVogon\Scripts\demo\managers\DemoManager.js.map
c:\workspaces\TypescriptVogon\TypescriptVogon\Scripts\demo\contracts\Inspiration.js
c:\workspaces\TypescriptVogon\TypescriptVogon\Scripts\demo\contracts\Inspiration.js.map
c:\workspaces\TypescriptVogon\TypescriptVogon\Scripts\demo\accessors\DemoAccessor.js
c:\workspaces\TypescriptVogon\TypescriptVogon\Scripts\demo\accessors\DemoAccessor.js.map
c:\workspaces\TypescriptVogon\TypescriptVogon\Scripts\demo\viewmodels\DemoViewModel.js
c:\workspaces\TypescriptVogon\TypescriptVogon\Scripts\demo\viewmodels\DemoViewModel.js.map
c:\workspaces\TypescriptVogon\TypescriptVogon\Scripts\demo\managers\DemoManager.js
c:\workspaces\TypescriptVogon\TypescriptVogon\Scripts\demo\managers\DemoManager.js.map
c:\workspaces\TypescriptVogon\TypescriptVogon\Scripts\demo\contracts\Inspiration.js
c:\workspaces\TypescriptVogon\TypescriptVogon\Scripts\demo\contracts\Inspiration.js.map
c:\workspaces\TypescriptVogon\TypescriptVogon\Scripts\demo\accessors\DemoAccessor.js
c:\workspaces\TypescriptVogon\TypescriptVogon\Scripts\demo\accessors\DemoAccessor.js.map
c:\workspaces\TypescriptVogon\TypescriptVogon\Scripts\demo\viewmodels\DemoViewModel.js
c:\workspaces\TypescriptVogon\TypescriptVogon\Scripts\demo\viewmodels\DemoViewModel.js.map
c:\workspaces\TypescriptVogon\TypescriptVogon\Scripts\demo\managers\DemoManager.js
c:\workspaces\TypescriptVogon\TypescriptVogon\Scripts\demo\managers\DemoManager.js.map
c:\workspaces\TypescriptVogon\TypescriptVogon\Scripts\demo\contracts\Inspiration.js
c:\workspaces\TypescriptVogon\TypescriptVogon\Scripts\demo\contracts\Inspiration.js.map
c:\workspaces\TypescriptVogon\TypescriptVogon\Scripts\demo\accessors\DemoAccessor.js
c:\workspaces\TypescriptVogon\TypescriptVogon\Scripts\demo\accessors\DemoAccessor.js.map
c:\workspaces\TypescriptVogon\TypescriptVogon\Scripts\demo\viewmodels\DemoViewModel.js
c:\workspaces\TypescriptVogon\TypescriptVogon\Scripts\demo\viewmodels\DemoViewModel.js.map
c:\workspaces\TypescriptVogon\TypescriptVogon\Scripts\demo\managers\DemoManager.js
c:\workspaces\TypescriptVogon\TypescriptVogon\Scripts\demo\managers\DemoManager.js.map
c:\workspaces\TypescriptVogon\TypescriptVogon\Scripts\demo\contracts\Inspiration.js
c:\workspaces\TypescriptVogon\TypescriptVogon\Scripts\demo\contracts\Inspiration.js.map
c:\workspaces\TypescriptVogon\TypescriptVogon\Scripts\demo\accessors\DemoAccessor.js
c:\workspaces\TypescriptVogon\TypescriptVogon\Scripts\demo\accessors\DemoAccessor.js.map
c:\workspaces\TypescriptVogon\TypescriptVogon\Scripts\demo\viewmodels\DemoViewModel.js
c:\workspaces\TypescriptVogon\TypescriptVogon\Scripts\demo\viewmodels\DemoViewModel.js.map
c:\workspaces\TypescriptVogon\TypescriptVogon\Scripts\demo\managers\DemoManager.js
c:\workspaces\TypescriptVogon\TypescriptVogon\Scripts\demo\managers\DemoManager.js.map
c:\workspaces\TypescriptVogon\TypescriptVogon\Scripts\demo\contracts\Inspiration.js
c:\workspaces\TypescriptVogon\TypescriptVogon\Scripts\demo\contracts\Inspiration.js.map
c:\workspaces\TypescriptVogon\TypescriptVogon\Scripts\demo\accessors\DemoAccessor.js
c:\workspaces\TypescriptVogon\TypescriptVogon\Scripts\demo\accessors\DemoAccessor.js.map
c:\workspaces\TypescriptVogon\TypescriptVogon\Scripts\demo\viewmodels\DemoViewModel.js
c:\workspaces\TypescriptVogon\TypescriptVogon\Scripts\demo\viewmodels\DemoViewModel.js.map
c:\workspaces\TypescriptVogon\TypescriptVogon\Scripts\demo\managers\DemoManager.js
c:\workspaces\TypescriptVogon\TypescriptVogon\Scripts\demo\managers\DemoManager.js.map
c:\workspaces\TypescriptVogon\TypescriptVogon\Scripts\demo\contracts\Inspiration.js
c:\workspaces\TypescriptVogon\TypescriptVogon\Scripts\demo\contracts\Inspiration.js.map
c:\workspaces\TypescriptVogon\TypescriptVogon\Scripts\demo\accessors\DemoAccessor.js
c:\workspaces\TypescriptVogon\TypescriptVogon\Scripts\demo\accessors\DemoAccessor.js.map
c:\workspaces\TypescriptVogon\TypescriptVogon\Scripts\demo\viewmodels\DemoViewModel.js
c:\workspaces\TypescriptVogon\TypescriptVogon\Scripts\demo\viewmodels\DemoViewModel.js.map
c:\workspaces\TypescriptVogon\TypescriptVogon\Scripts\demo\managers\DemoManager.js
c:\workspaces\TypescriptVogon\TypescriptVogon\Scripts\demo\managers\DemoManager.js.map
c:\workspaces\TypescriptVogon\TypescriptVogon\Scripts\demo\contracts\Inspiration.js
c:\workspaces\TypescriptVogon\TypescriptVogon\Scripts\demo\contracts\Inspiration.js.map
c:\workspaces\TypescriptVogon\TypescriptVogon\Scripts\demo\accessors\DemoAccessor.js
c:\workspaces\TypescriptVogon\TypescriptVogon\Scripts\demo\accessors\DemoAccessor.js.map
c:\workspaces\TypescriptVogon\TypescriptVogon\Scripts\demo\viewmodels\DemoViewModel.js
c:\workspaces\TypescriptVogon\TypescriptVogon\Scripts\demo\viewmodels\DemoViewModel.js.map
c:\workspaces\TypescriptVogon\TypescriptVogon\Scripts\demo\managers\DemoManager.js
c:\workspaces\TypescriptVogon\TypescriptVogon\Scripts\demo\managers\DemoManager.js.map
c:\workspaces\TypescriptVogon\TypescriptVogon\Scripts\demo\contracts\Inspiration.js
c:\workspaces\TypescriptVogon\TypescriptVogon\Scripts\demo\contracts\Inspiration.js.map
c:\workspaces\TypescriptVogon\TypescriptVogon\Scripts\demo\accessors\DemoAccessor.js
c:\workspaces\TypescriptVogon\TypescriptVogon\Scripts\demo\accessors\DemoAccessor.js.map
c:\workspaces\TypescriptVogon\TypescriptVogon\Scripts\demo\viewmodels\DemoViewModel.js
c:\workspaces\TypescriptVogon\TypescriptVogon\Scripts\demo\viewmodels\DemoViewModel.js.map
c:\workspaces\TypescriptVogon\TypescriptVogon\Scripts\demo\managers\DemoManager.js
c:\workspaces\TypescriptVogon\TypescriptVogon\Scripts\demo\managers\DemoManager.js.map
c:\workspaces\TypescriptVogon\TypescriptVogon\Scripts\demo\contracts\Inspiration.js
c:\workspaces\TypescriptVogon\TypescriptVogon\Scripts\demo\contracts\Inspiration.js.map
c:\workspaces\TypescriptVogon\TypescriptVogon\Scripts\demo\accessors\DemoAccessor.js
c:\workspaces\TypescriptVogon\TypescriptVogon\Scripts\demo\accessors\DemoAccessor.js.map
c:\workspaces\TypescriptVogon\TypescriptVogon\Scripts\demo\viewmodels\DemoViewModel.js
c:\workspaces\TypescriptVogon\TypescriptVogon\Scripts\demo\viewmodels\DemoViewModel.js.map
c:\workspaces\TypescriptVogon\TypescriptVogon\Scripts\demo\managers\DemoManager.js
c:\workspaces\TypescriptVogon\TypescriptVogon\Scripts\demo\managers\DemoManager.js.map
c:\workspaces\TypescriptVogon\TypescriptVogon\Scripts\demo\contracts\DemoResponse.js
c:\workspaces\TypescriptVogon\TypescriptVogon\Scripts\demo\contracts\DemoResponse.js.map
c:\workspaces\TypescriptVogon\TypescriptVogon\Scripts\demo\contracts\SentimentEnum.js
c:\workspaces\TypescriptVogon\TypescriptVogon\Scripts\demo\contracts\SentimentEnum.js.map
c:\workspaces\TypescriptVogon\TypescriptVogon\Scripts\demo\accessors\DemoAccessor.js
c:\workspaces\TypescriptVogon\TypescriptVogon\Scripts\demo\accessors\DemoAccessor.js.map
c:\workspaces\TypescriptVogon\TypescriptVogon\Scripts\demo\viewmodels\DemoViewModel.js
c:\workspaces\TypescriptVogon\TypescriptVogon\Scripts\demo\viewmodels\DemoViewModel.js.map
c:\workspaces\TypescriptVogon\TypescriptVogon\Scripts\demo\managers\DemoManager.js
c:\workspaces\TypescriptVogon\TypescriptVogon\Scripts\demo\managers\DemoManager.js.map
c:\workspaces\TypescriptVogon\TypescriptVogon\Scripts\demo\contracts\DemoResponse.js
c:\workspaces\TypescriptVogon\TypescriptVogon\Scripts\demo\contracts\DemoResponse.js.map
c:\workspaces\TypescriptVogon\TypescriptVogon\Scripts\demo\contracts\SentimentEnum.js
c:\workspaces\TypescriptVogon\TypescriptVogon\Scripts\demo\contracts\SentimentEnum.js.map
c:\workspaces\TypescriptVogon\TypescriptVogon\Scripts\demo\accessors\DemoAccessor.js
c:\workspaces\TypescriptVogon\TypescriptVogon\Scripts\demo\accessors\DemoAccessor.js.map
c:\workspaces\TypescriptVogon\TypescriptVogon\Scripts\demo\viewmodels\DemoViewModel.js
c:\workspaces\TypescriptVogon\TypescriptVogon\Scripts\demo\viewmodels\DemoViewModel.js.map
c:\workspaces\TypescriptVogon\TypescriptVogon\Scripts\demo\managers\DemoManager.js
c:\workspaces\TypescriptVogon\TypescriptVogon\Scripts\demo\managers\DemoManager.js.map
c:\workspaces\TypescriptVogon\TypescriptVogon\Scripts\demo\contracts\DemoResponse.js
c:\workspaces\TypescriptVogon\TypescriptVogon\Scripts\demo\contracts\DemoResponse.js.map
c:\workspaces\TypescriptVogon\TypescriptVogon\Scripts\demo\contracts\SentimentEnum.js
c:\workspaces\TypescriptVogon\TypescriptVogon\Scripts\demo\contracts\SentimentEnum.js.map
c:\workspaces\TypescriptVogon\TypescriptVogon\Scripts\demo\accessors\DemoAccessor.js
c:\workspaces\TypescriptVogon\TypescriptVogon\Scripts\demo\accessors\DemoAccessor.js.map
c:\workspaces\TypescriptVogon\TypescriptVogon\Scripts\demo\viewmodels\DemoViewModel.js
c:\workspaces\TypescriptVogon\TypescriptVogon\Scripts\demo\viewmodels\DemoViewModel.js.map
c:\workspaces\TypescriptVogon\TypescriptVogon\Scripts\demo\managers\DemoManager.js
c:\workspaces\TypescriptVogon\TypescriptVogon\Scripts\demo\managers\DemoManager.js.map
c:\workspaces\TypescriptVogon\TypescriptVogon\Scripts\demo\contracts\DemoResponse.js
c:\workspaces\TypescriptVogon\TypescriptVogon\Scripts\demo\contracts\DemoResponse.js.map
c:\workspaces\TypescriptVogon\TypescriptVogon\Scripts\demo\contracts\SentimentEnum.js
c:\workspaces\TypescriptVogon\TypescriptVogon\Scripts\demo\contracts\SentimentEnum.js.map
c:\workspaces\TypescriptVogon\TypescriptVogon\Scripts\demo\accessors\DemoAccessor.js
c:\workspaces\TypescriptVogon\TypescriptVogon\Scripts\demo\accessors\DemoAccessor.js.map
c:\workspaces\TypescriptVogon\TypescriptVogon\Scripts\demo\viewmodels\DemoViewModel.js
c:\workspaces\TypescriptVogon\TypescriptVogon\Scripts\demo\viewmodels\DemoViewModel.js.map
c:\workspaces\TypescriptVogon\TypescriptVogon\Scripts\demo\managers\DemoManager.js
c:\workspaces\TypescriptVogon\TypescriptVogon\Scripts\demo\managers\DemoManager.js.map
c:\workspaces\TypescriptVogon\TypescriptVogon\Scripts\demo\contracts\ColorLookup.js
c:\workspaces\TypescriptVogon\TypescriptVogon\Scripts\demo\contracts\ColorLookup.js.map
c:\workspaces\TypescriptVogon\TypescriptVogon\Scripts\demo\contracts\DemoResponse.js
c:\workspaces\TypescriptVogon\TypescriptVogon\Scripts\demo\contracts\DemoResponse.js.map
c:\workspaces\TypescriptVogon\TypescriptVogon\Scripts\demo\contracts\SentimentEnum.js
c:\workspaces\TypescriptVogon\TypescriptVogon\Scripts\demo\contracts\SentimentEnum.js.map
c:\workspaces\TypescriptVogon\TypescriptVogon\Scripts\demo\accessors\DemoAccessor.js
c:\workspaces\TypescriptVogon\TypescriptVogon\Scripts\demo\accessors\DemoAccessor.js.map
c:\workspaces\TypescriptVogon\TypescriptVogon\Scripts\demo\viewmodels\DemoViewModel.js
c:\workspaces\TypescriptVogon\TypescriptVogon\Scripts\demo\viewmodels\DemoViewModel.js.map
c:\workspaces\TypescriptVogon\TypescriptVogon\Scripts\demo\managers\DemoManager.js
c:\workspaces\TypescriptVogon\TypescriptVogon\Scripts\demo\managers\DemoManager.js.map
c:\workspaces\TypescriptVogon\TypescriptVogon\Scripts\demo\contracts\DemoResponse.js
c:\workspaces\TypescriptVogon\TypescriptVogon\Scripts\demo\contracts\DemoResponse.js.map
c:\workspaces\TypescriptVogon\TypescriptVogon\Scripts\demo\contracts\SentimentEnum.js
c:\workspaces\TypescriptVogon\TypescriptVogon\Scripts\demo\contracts\SentimentEnum.js.map
c:\workspaces\TypescriptVogon\TypescriptVogon\Scripts\demo\accessors\DemoAccessor.js
c:\workspaces\TypescriptVogon\TypescriptVogon\Scripts\demo\accessors\DemoAccessor.js.map
c:\workspaces\TypescriptVogon\TypescriptVogon\Scripts\demo\viewmodels\DemoViewModel.js
c:\workspaces\TypescriptVogon\TypescriptVogon\Scripts\demo\viewmodels\DemoViewModel.js.map
c:\workspaces\TypescriptVogon\TypescriptVogon\Scripts\demo\managers\DemoManager.js
c:\workspaces\TypescriptVogon\TypescriptVogon\Scripts\demo\managers\DemoManager.js.map
c:\workspaces\TypescriptVogon\TypescriptVogon\Scripts\demo\contracts\DemoResponse.js
c:\workspaces\TypescriptVogon\TypescriptVogon\Scripts\demo\contracts\DemoResponse.js.map
c:\workspaces\TypescriptVogon\TypescriptVogon\Scripts\demo\contracts\SentimentEnum.js
c:\workspaces\TypescriptVogon\TypescriptVogon\Scripts\demo\contracts\SentimentEnum.js.map
c:\workspaces\TypescriptVogon\TypescriptVogon\Scripts\demo\accessors\DemoAccessor.js
c:\workspaces\TypescriptVogon\TypescriptVogon\Scripts\demo\accessors\DemoAccessor.js.map
c:\workspaces\TypescriptVogon\TypescriptVogon\Scripts\demo\viewmodels\DemoViewModel.js
c:\workspaces\TypescriptVogon\TypescriptVogon\Scripts\demo\viewmodels\DemoViewModel.js.map
c:\workspaces\TypescriptVogon\TypescriptVogon\Scripts\demo\managers\DemoManager.js
c:\workspaces\TypescriptVogon\TypescriptVogon\Scripts\demo\managers\DemoManager.js.map
c:\workspaces\TypescriptVogon\TypescriptVogon\Scripts\demo\contracts\DemoResponse.js
c:\workspaces\TypescriptVogon\TypescriptVogon\Scripts\demo\contracts\DemoResponse.js.map
c:\workspaces\TypescriptVogon\TypescriptVogon\Scripts\demo\contracts\SentimentEnum.js
c:\workspaces\TypescriptVogon\TypescriptVogon\Scripts\demo\contracts\SentimentEnum.js.map
c:\workspaces\TypescriptVogon\TypescriptVogon\Scripts\demo\accessors\DemoAccessor.js
c:\workspaces\TypescriptVogon\TypescriptVogon\Scripts\demo\accessors\DemoAccessor.js.map
c:\workspaces\TypescriptVogon\TypescriptVogon\Scripts\demo\viewmodels\DemoViewModel.js
c:\workspaces\TypescriptVogon\TypescriptVogon\Scripts\demo\viewmodels\DemoViewModel.js.map
c:\workspaces\TypescriptVogon\TypescriptVogon\Scripts\demo\managers\DemoManager.js
c:\workspaces\TypescriptVogon\TypescriptVogon\Scripts\demo\managers\DemoManager.js.map
c:\workspaces\TypescriptVogon\TypescriptVogon\Scripts\demo\contracts\DemoResponse.js
c:\workspaces\TypescriptVogon\TypescriptVogon\Scripts\demo\contracts\DemoResponse.js.map
c:\workspaces\TypescriptVogon\TypescriptVogon\Scripts\demo\contracts\SentimentEnum.js
c:\workspaces\TypescriptVogon\TypescriptVogon\Scripts\demo\contracts\SentimentEnum.js.map
c:\workspaces\TypescriptVogon\TypescriptVogon\Scripts\demo\accessors\DemoAccessor.js
c:\workspaces\TypescriptVogon\TypescriptVogon\Scripts\demo\accessors\DemoAccessor.js.map
c:\workspaces\TypescriptVogon\TypescriptVogon\Scripts\demo\viewmodels\DemoViewModel.js
c:\workspaces\TypescriptVogon\TypescriptVogon\Scripts\demo\viewmodels\DemoViewModel.js.map
c:\workspaces\TypescriptVogon\TypescriptVogon\Scripts\demo\managers\DemoManager.js
c:\workspaces\TypescriptVogon\TypescriptVogon\Scripts\demo\managers\DemoManager.js.map
c:\workspaces\TypescriptVogon\TypescriptVogon\Scripts\demo\contracts\DemoResponse.js
c:\workspaces\TypescriptVogon\TypescriptVogon\Scripts\demo\contracts\DemoResponse.js.map
c:\workspaces\TypescriptVogon\TypescriptVogon\Scripts\demo\contracts\SentimentEnum.js
c:\workspaces\TypescriptVogon\TypescriptVogon\Scripts\demo\contracts\SentimentEnum.js.map
c:\workspaces\TypescriptVogon\TypescriptVogon\Scripts\demo\accessors\DemoAccessor.js
c:\workspaces\TypescriptVogon\TypescriptVogon\Scripts\demo\accessors\DemoAccessor.js.map
c:\workspaces\TypescriptVogon\TypescriptVogon\Scripts\demo\viewmodels\DemoViewModel.js
c:\workspaces\TypescriptVogon\TypescriptVogon\Scripts\demo\viewmodels\DemoViewModel.js.map
c:\workspaces\TypescriptVogon\TypescriptVogon\Scripts\demo\managers\DemoManager.js
c:\workspaces\TypescriptVogon\TypescriptVogon\Scripts\demo\managers\DemoManager.js.map
c:\workspaces\TypescriptVogon\TypescriptVogon\Scripts\demo\contracts\DemoResponse.js
c:\workspaces\TypescriptVogon\TypescriptVogon\Scripts\demo\contracts\DemoResponse.js.map
c:\workspaces\TypescriptVogon\TypescriptVogon\Scripts\demo\contracts\SentimentEnum.js
c:\workspaces\TypescriptVogon\TypescriptVogon\Scripts\demo\contracts\SentimentEnum.js.map
c:\workspaces\TypescriptVogon\TypescriptVogon\Scripts\demo\accessors\DemoAccessor.js
c:\workspaces\TypescriptVogon\TypescriptVogon\Scripts\demo\accessors\DemoAccessor.js.map
